<?xml version="1.0" encoding="UTF-8"?>
<!-- Generated by org.testng.reporters.JUnitReportReporter -->
<testsuite hostname="AIPL6177LT16621" failures="0" tests="2" name="OAuthTokenGrantType.ClientCredentialsGrantType" time="10.945" errors="0" timestamp="2024-02-19T17:39:16 IST" skipped="0">
  <testcase classname="OAuthTokenGrantType.ClientCredentialsGrantType" name="clientCredentialsGrantToken" time="9.737"/>
  <testcase classname="OAuthTokenGrantType.ClientCredentialsGrantType" name="getCourseDetailsWithClientCredentialsOauths" time="1.208"/>
</testsuite> <!-- OAuthTokenGrantType.ClientCredentialsGrantType -->
