<?xml version="1.0" encoding="UTF-8"?>
<!-- Generated by org.testng.reporters.JUnitReportReporter -->
<testsuite hostname="AIPL6177LT16621" failures="0" tests="1" name="dynamicJSONPayloadsWithParameterization.DynamicJSONPayloadsTests" time="7.067" errors="0" timestamp="2024-02-18T18:24:52 IST" skipped="0">
  <testcase classname="dynamicJSONPayloadsWithParameterization.DynamicJSONPayloadsTests" name="testDynamicBuildJSONUsingJSONFiles" time="7.067"/>
</testsuite> <!-- dynamicJSONPayloadsWithParameterization.DynamicJSONPayloadsTests -->
