<?xml version="1.0" encoding="UTF-8"?>
<!-- Generated by org.testng.reporters.JUnitReportReporter -->
<testsuite hostname="AIPL6177LT16621" failures="0" tests="2" name="POJOClasses.POJOForResponse" time="8.624" errors="0" timestamp="2024-02-20T12:50:33 IST" skipped="0">
  <testcase classname="POJOClasses.POJOForResponse" name="clientCredentialsGrantToken" time="6.913"/>
  <testcase classname="POJOClasses.POJOForResponse" name="getCourseDetailsWithClientCredentialsOauths" time="1.711"/>
</testsuite> <!-- POJOClasses.POJOForResponse -->
