<?xml version="1.0" encoding="UTF-8"?>
<!-- Generated by org.testng.reporters.JUnitReportReporter -->
<testsuite hostname="AIPL6177LT16621" failures="0" tests="1" name="reqResSpecBuilder.ReqAndResSpecBuilders" time="2.555" errors="0" timestamp="2024-02-20T14:52:21 IST" skipped="0">
  <testcase classname="reqResSpecBuilder.ReqAndResSpecBuilders" name="resResSpecBuilder" time="2.555"/>
</testsuite> <!-- reqResSpecBuilder.ReqAndResSpecBuilders -->
