<?xml version="1.0" encoding="UTF-8"?>
<!-- Generated by org.testng.reporters.JUnitReportReporter -->
<testsuite hostname="AIPL6177LT16621" failures="0" tests="6" name="nestedJSONTest.TestingNestedJSON" time="4.514" errors="0" timestamp="2024-02-18T00:02:46 IST" skipped="0">
  <testcase classname="nestedJSONTest.TestingNestedJSON" name="numberOfCources" time="3.529"/>
  <testcase classname="nestedJSONTest.TestingNestedJSON" name="purchaseAmount" time="0.042"/>
  <testcase classname="nestedJSONTest.TestingNestedJSON" name="titleOfFirstCourse" time="0.164"/>
  <testcase classname="nestedJSONTest.TestingNestedJSON" name="courseTitleAndAmount" time="0.287"/>
  <testcase classname="nestedJSONTest.TestingNestedJSON" name="copiesSoldByRPA" time="0.184"/>
  <testcase classname="nestedJSONTest.TestingNestedJSON" name="sumOfAllCoursesAndPurchaseAmountEquality" time="0.308"/>
</testsuite> <!-- nestedJSONTest.TestingNestedJSON -->
