<?xml version="1.0" encoding="UTF-8"?>
<!-- Generated by org.testng.reporters.JUnitReportReporter -->
<testsuite hostname="AIPL6177LT16621" failures="0" tests="1" name="POJOClasses2.POJOForReq" time="7.070" errors="0" timestamp="2024-02-20T13:56:08 IST" skipped="0">
  <testcase classname="POJOClasses2.POJOForReq" name="reqWithPOJOData" time="7.070"/>
</testsuite> <!-- POJOClasses2.POJOForReq -->
